2017-09-03 01:50:54,226 - Log4JLogChute initialized using file 'velocity.log'
2017-09-03 01:50:54,226 - Initializing Velocity, Calling init()...
2017-09-03 01:50:54,226 - Starting Apache Velocity v1.7 (compiled: 2010-11-19 12:14:37)
2017-09-03 01:50:54,227 - Default Properties File: org/apache/velocity/runtime/defaults/velocity.properties
2017-09-03 01:50:54,227 - Trying to use logger class org.apache.velocity.runtime.log.AvalonLogChute
2017-09-03 01:50:54,227 - Target log system for org.apache.velocity.runtime.log.AvalonLogChute is not available (java.lang.NoClassDefFoundError: org/apache/log/format/Formatter).  Falling back to next log system...
2017-09-03 01:50:54,227 - Trying to use logger class org.apache.velocity.runtime.log.Log4JLogChute
2017-09-03 01:50:54,227 - Using logger class org.apache.velocity.runtime.log.Log4JLogChute
2017-09-03 01:50:54,253 - ResourceLoader instantiated: org.apache.velocity.runtime.resource.loader.FileResourceLoader
2017-09-03 01:50:54,255 - Do unicode file recognition:  false
2017-09-03 01:50:54,255 - FileResourceLoader : adding path '/oldhome/shi/code/java/jkmvc/src/main/webapp'
2017-09-03 01:50:54,317 - ResourceCache: initialized (class org.apache.velocity.runtime.resource.ResourceCacheImpl) with class java.util.Collections$SynchronizedMap cache map.
2017-09-03 01:50:54,320 - Loaded System Directive: org.apache.velocity.runtime.directive.Stop
2017-09-03 01:50:54,325 - Loaded System Directive: org.apache.velocity.runtime.directive.Define
2017-09-03 01:50:54,329 - Loaded System Directive: org.apache.velocity.runtime.directive.Break
2017-09-03 01:50:54,330 - Loaded System Directive: org.apache.velocity.runtime.directive.Evaluate
2017-09-03 01:50:54,331 - Loaded System Directive: org.apache.velocity.runtime.directive.Literal
2017-09-03 01:50:54,334 - Loaded System Directive: org.apache.velocity.runtime.directive.Macro
2017-09-03 01:50:54,336 - Loaded System Directive: org.apache.velocity.runtime.directive.Parse
2017-09-03 01:50:54,342 - Loaded System Directive: org.apache.velocity.runtime.directive.Include
2017-09-03 01:50:54,343 - Loaded System Directive: org.apache.velocity.runtime.directive.Foreach
2017-09-03 01:50:54,389 - Created '20' parsers.
2017-09-03 01:50:54,398 - Velocimacro : "velocimacro.library" is not set.  Trying default library: VM_global_library.vm
2017-09-03 01:50:54,398 - Velocimacro : Default library not found.
2017-09-03 01:50:54,398 - Velocimacro : allowInline = true : VMs can be defined inline in templates
2017-09-03 01:50:54,398 - Velocimacro : allowInlineToOverride = false : VMs defined inline may NOT replace previous VM definitions
2017-09-03 01:50:54,398 - Velocimacro : allowInlineLocal = false : VMs defined inline will be global in scope if allowed.
2017-09-03 01:50:54,398 - Velocimacro : autoload off : VM system will not automatically reload global library macros
2017-09-03 01:50:54,400 - ResourceManager : unable to find resource 'index.html' in any resource loader.
2017-09-03 01:51:24,503 - Log4JLogChute initialized using file 'velocity.log'
2017-09-03 01:51:24,504 - Initializing Velocity, Calling init()...
2017-09-03 01:51:24,504 - Starting Apache Velocity v1.7 (compiled: 2010-11-19 12:14:37)
2017-09-03 01:51:24,504 - Default Properties File: org/apache/velocity/runtime/defaults/velocity.properties
2017-09-03 01:51:24,504 - Trying to use logger class org.apache.velocity.runtime.log.AvalonLogChute
2017-09-03 01:51:24,504 - Target log system for org.apache.velocity.runtime.log.AvalonLogChute is not available (java.lang.NoClassDefFoundError: org/apache/log/format/Formatter).  Falling back to next log system...
2017-09-03 01:51:24,504 - Trying to use logger class org.apache.velocity.runtime.log.Log4JLogChute
2017-09-03 01:51:24,504 - Using logger class org.apache.velocity.runtime.log.Log4JLogChute
2017-09-03 01:51:24,509 - ResourceLoader instantiated: org.apache.velocity.runtime.resource.loader.FileResourceLoader
2017-09-03 01:51:24,510 - Do unicode file recognition:  false
2017-09-03 01:51:24,511 - FileResourceLoader : adding path '/oldhome/shi/code/java/jkmvc/src/main/webapp'
2017-09-03 01:51:24,521 - ResourceCache: initialized (class org.apache.velocity.runtime.resource.ResourceCacheImpl) with class java.util.Collections$SynchronizedMap cache map.
2017-09-03 01:51:24,523 - Loaded System Directive: org.apache.velocity.runtime.directive.Stop
2017-09-03 01:51:24,524 - Loaded System Directive: org.apache.velocity.runtime.directive.Define
2017-09-03 01:51:24,525 - Loaded System Directive: org.apache.velocity.runtime.directive.Break
2017-09-03 01:51:24,526 - Loaded System Directive: org.apache.velocity.runtime.directive.Evaluate
2017-09-03 01:51:24,526 - Loaded System Directive: org.apache.velocity.runtime.directive.Literal
2017-09-03 01:51:24,527 - Loaded System Directive: org.apache.velocity.runtime.directive.Macro
2017-09-03 01:51:24,528 - Loaded System Directive: org.apache.velocity.runtime.directive.Parse
2017-09-03 01:51:24,530 - Loaded System Directive: org.apache.velocity.runtime.directive.Include
2017-09-03 01:51:24,531 - Loaded System Directive: org.apache.velocity.runtime.directive.Foreach
2017-09-03 01:51:24,559 - Created '20' parsers.
2017-09-03 01:51:24,565 - Velocimacro : "velocimacro.library" is not set.  Trying default library: VM_global_library.vm
2017-09-03 01:51:24,565 - Velocimacro : Default library not found.
2017-09-03 01:51:24,566 - Velocimacro : allowInline = true : VMs can be defined inline in templates
2017-09-03 01:51:24,566 - Velocimacro : allowInlineToOverride = false : VMs defined inline may NOT replace previous VM definitions
2017-09-03 01:51:24,566 - Velocimacro : allowInlineLocal = false : VMs defined inline will be global in scope if allowed.
2017-09-03 01:51:24,566 - Velocimacro : autoload off : VM system will not automatically reload global library macros
2017-09-03 01:51:24,567 - ResourceManager : unable to find resource 'index.html' in any resource loader.
2017-09-03 01:52:11,647 - Log4JLogChute initialized using file 'velocity.log'
2017-09-03 01:52:11,648 - Initializing Velocity, Calling init()...
2017-09-03 01:52:11,648 - Starting Apache Velocity v1.7 (compiled: 2010-11-19 12:14:37)
2017-09-03 01:52:11,648 - Default Properties File: org/apache/velocity/runtime/defaults/velocity.properties
2017-09-03 01:52:11,648 - Trying to use logger class org.apache.velocity.runtime.log.AvalonLogChute
2017-09-03 01:52:11,648 - Target log system for org.apache.velocity.runtime.log.AvalonLogChute is not available (java.lang.NoClassDefFoundError: org/apache/log/format/Formatter).  Falling back to next log system...
2017-09-03 01:52:11,648 - Trying to use logger class org.apache.velocity.runtime.log.Log4JLogChute
2017-09-03 01:52:11,648 - Using logger class org.apache.velocity.runtime.log.Log4JLogChute
2017-09-03 01:52:11,654 - ResourceLoader instantiated: org.apache.velocity.runtime.resource.loader.FileResourceLoader
2017-09-03 01:52:11,655 - Do unicode file recognition:  false
2017-09-03 01:52:11,655 - FileResourceLoader : adding path '/home/shi/code/java/jkmvc/src/main/webapp'
2017-09-03 01:52:11,668 - ResourceCache: initialized (class org.apache.velocity.runtime.resource.ResourceCacheImpl) with class java.util.Collections$SynchronizedMap cache map.
2017-09-03 01:52:11,670 - Loaded System Directive: org.apache.velocity.runtime.directive.Stop
2017-09-03 01:52:11,672 - Loaded System Directive: org.apache.velocity.runtime.directive.Define
2017-09-03 01:52:11,673 - Loaded System Directive: org.apache.velocity.runtime.directive.Break
2017-09-03 01:52:11,674 - Loaded System Directive: org.apache.velocity.runtime.directive.Evaluate
2017-09-03 01:52:11,674 - Loaded System Directive: org.apache.velocity.runtime.directive.Literal
2017-09-03 01:52:11,675 - Loaded System Directive: org.apache.velocity.runtime.directive.Macro
2017-09-03 01:52:11,677 - Loaded System Directive: org.apache.velocity.runtime.directive.Parse
2017-09-03 01:52:11,678 - Loaded System Directive: org.apache.velocity.runtime.directive.Include
2017-09-03 01:52:11,679 - Loaded System Directive: org.apache.velocity.runtime.directive.Foreach
2017-09-03 01:52:11,709 - Created '20' parsers.
2017-09-03 01:52:11,715 - Velocimacro : "velocimacro.library" is not set.  Trying default library: VM_global_library.vm
2017-09-03 01:52:11,715 - Velocimacro : Default library not found.
2017-09-03 01:52:11,715 - Velocimacro : allowInline = true : VMs can be defined inline in templates
2017-09-03 01:52:11,715 - Velocimacro : allowInlineToOverride = false : VMs defined inline may NOT replace previous VM definitions
2017-09-03 01:52:11,716 - Velocimacro : allowInlineLocal = false : VMs defined inline will be global in scope if allowed.
2017-09-03 01:52:11,716 - Velocimacro : autoload off : VM system will not automatically reload global library macros
2017-09-03 01:52:11,717 - ResourceManager : unable to find resource 'index.html' in any resource loader.
2017-09-03 01:53:33,919 - Log4JLogChute initialized using file 'velocity.log'
2017-09-03 01:53:33,920 - Initializing Velocity, Calling init()...
2017-09-03 01:53:33,920 - Starting Apache Velocity v1.7 (compiled: 2010-11-19 12:14:37)
2017-09-03 01:53:33,920 - Default Properties File: org/apache/velocity/runtime/defaults/velocity.properties
2017-09-03 01:53:33,920 - Trying to use logger class org.apache.velocity.runtime.log.AvalonLogChute
2017-09-03 01:53:33,920 - Target log system for org.apache.velocity.runtime.log.AvalonLogChute is not available (java.lang.NoClassDefFoundError: org/apache/log/format/Formatter).  Falling back to next log system...
2017-09-03 01:53:33,920 - Trying to use logger class org.apache.velocity.runtime.log.Log4JLogChute
2017-09-03 01:53:33,920 - Using logger class org.apache.velocity.runtime.log.Log4JLogChute
2017-09-03 01:53:33,925 - ResourceLoader instantiated: org.apache.velocity.runtime.resource.loader.FileResourceLoader
2017-09-03 01:53:33,926 - Do unicode file recognition:  false
2017-09-03 01:53:33,926 - FileResourceLoader : adding path '/home/shi/code/java/jkmvc/jkmvc-example/src/main/webapp'
2017-09-03 01:53:33,938 - ResourceCache: initialized (class org.apache.velocity.runtime.resource.ResourceCacheImpl) with class java.util.Collections$SynchronizedMap cache map.
2017-09-03 01:53:33,939 - Loaded System Directive: org.apache.velocity.runtime.directive.Stop
2017-09-03 01:53:33,940 - Loaded System Directive: org.apache.velocity.runtime.directive.Define
2017-09-03 01:53:33,941 - Loaded System Directive: org.apache.velocity.runtime.directive.Break
2017-09-03 01:53:33,941 - Loaded System Directive: org.apache.velocity.runtime.directive.Evaluate
2017-09-03 01:53:33,942 - Loaded System Directive: org.apache.velocity.runtime.directive.Literal
2017-09-03 01:53:33,943 - Loaded System Directive: org.apache.velocity.runtime.directive.Macro
2017-09-03 01:53:33,944 - Loaded System Directive: org.apache.velocity.runtime.directive.Parse
2017-09-03 01:53:33,945 - Loaded System Directive: org.apache.velocity.runtime.directive.Include
2017-09-03 01:53:33,946 - Loaded System Directive: org.apache.velocity.runtime.directive.Foreach
2017-09-03 01:53:33,972 - Created '20' parsers.
2017-09-03 01:53:33,977 - Velocimacro : "velocimacro.library" is not set.  Trying default library: VM_global_library.vm
2017-09-03 01:53:33,977 - Velocimacro : Default library not found.
2017-09-03 01:53:33,977 - Velocimacro : allowInline = true : VMs can be defined inline in templates
2017-09-03 01:53:33,977 - Velocimacro : allowInlineToOverride = false : VMs defined inline may NOT replace previous VM definitions
2017-09-03 01:53:33,977 - Velocimacro : allowInlineLocal = false : VMs defined inline will be global in scope if allowed.
2017-09-03 01:53:33,978 - Velocimacro : autoload off : VM system will not automatically reload global library macros
2017-09-03 01:53:33,979 - ResourceManager : unable to find resource 'webapp/index.html' in any resource loader.
